[2024-09-02 19:09:04,177] INFO [Broker id=1] Transitioning 1 partition(s) to local leaders. (state.change.logger)
[2024-09-02 19:09:04,183] INFO [Broker id=1] Creating new partition weather_api-0 with topic id LYfCWgR5Ray0oKaPTENqOg. (state.change.logger)
[2024-09-02 19:09:04,221] INFO [Broker id=1] Leader weather_api-0 with topic id Some(LYfCWgR5Ray0oKaPTENqOg) starts at leader epoch 0 from offset 0 with partition epoch 0, high watermark 0, ISR [1], adding replicas [] and removing replicas [] . Previous leader None and previous leader epoch was -1. (state.change.logger)
[2024-09-02 19:09:40,146] INFO [Broker id=1] Transitioning 50 partition(s) to local leaders. (state.change.logger)
[2024-09-02 19:09:40,147] INFO [Broker id=1] Creating new partition __consumer_offsets-13 with topic id 6IWF03JWSnSy2TPxm_2Ceg. (state.change.logger)
[2024-09-02 19:09:40,155] INFO [Broker id=1] Leader __consumer_offsets-13 with topic id Some(6IWF03JWSnSy2TPxm_2Ceg) starts at leader epoch 0 from offset 0 with partition epoch 0, high watermark 0, ISR [1], adding replicas [] and removing replicas [] . Previous leader None and previous leader epoch was -1. (state.change.logger)
[2024-09-02 19:09:40,167] INFO [Broker id=1] Creating new partition __consumer_offsets-46 with topic id 6IWF03JWSnSy2TPxm_2Ceg. (state.change.logger)
[2024-09-02 19:09:40,171] INFO [Broker id=1] Leader __consumer_offsets-46 with topic id Some(6IWF03JWSnSy2TPxm_2Ceg) starts at leader epoch 0 from offset 0 with partition epoch 0, high watermark 0, ISR [1], adding replicas [] and removing replicas [] . Previous leader None and previous leader epoch was -1. (state.change.logger)
[2024-09-02 19:09:40,184] INFO [Broker id=1] Creating new partition __consumer_offsets-9 with topic id 6IWF03JWSnSy2TPxm_2Ceg. (state.change.logger)
[2024-09-02 19:09:40,188] INFO [Broker id=1] Leader __consumer_offsets-9 with topic id Some(6IWF03JWSnSy2TPxm_2Ceg) starts at leader epoch 0 from offset 0 with partition epoch 0, high watermark 0, ISR [1], adding replicas [] and removing replicas [] . Previous leader None and previous leader epoch was -1. (state.change.logger)
[2024-09-02 19:09:40,204] INFO [Broker id=1] Creating new partition __consumer_offsets-42 with topic id 6IWF03JWSnSy2TPxm_2Ceg. (state.change.logger)
[2024-09-02 19:09:40,209] INFO [Broker id=1] Leader __consumer_offsets-42 with topic id Some(6IWF03JWSnSy2TPxm_2Ceg) starts at leader epoch 0 from offset 0 with partition epoch 0, high watermark 0, ISR [1], adding replicas [] and removing replicas [] . Previous leader None and previous leader epoch was -1. (state.change.logger)
[2024-09-02 19:09:40,223] INFO [Broker id=1] Creating new partition __consumer_offsets-21 with topic id 6IWF03JWSnSy2TPxm_2Ceg. (state.change.logger)
[2024-09-02 19:09:40,229] INFO [Broker id=1] Leader __consumer_offsets-21 with topic id Some(6IWF03JWSnSy2TPxm_2Ceg) starts at leader epoch 0 from offset 0 with partition epoch 0, high watermark 0, ISR [1], adding replicas [] and removing replicas [] . Previous leader None and previous leader epoch was -1. (state.change.logger)
[2024-09-02 19:09:40,239] INFO [Broker id=1] Creating new partition __consumer_offsets-17 with topic id 6IWF03JWSnSy2TPxm_2Ceg. (state.change.logger)
[2024-09-02 19:09:40,244] INFO [Broker id=1] Leader __consumer_offsets-17 with topic id Some(6IWF03JWSnSy2TPxm_2Ceg) starts at leader epoch 0 from offset 0 with partition epoch 0, high watermark 0, ISR [1], adding replicas [] and removing replicas [] . Previous leader None and previous leader epoch was -1. (state.change.logger)
[2024-09-02 19:09:40,256] INFO [Broker id=1] Creating new partition __consumer_offsets-30 with topic id 6IWF03JWSnSy2TPxm_2Ceg. (state.change.logger)
[2024-09-02 19:09:40,262] INFO [Broker id=1] Leader __consumer_offsets-30 with topic id Some(6IWF03JWSnSy2TPxm_2Ceg) starts at leader epoch 0 from offset 0 with partition epoch 0, high watermark 0, ISR [1], adding replicas [] and removing replicas [] . Previous leader None and previous leader epoch was -1. (state.change.logger)
[2024-09-02 19:09:40,272] INFO [Broker id=1] Creating new partition __consumer_offsets-26 with topic id 6IWF03JWSnSy2TPxm_2Ceg. (state.change.logger)
[2024-09-02 19:09:40,275] INFO [Broker id=1] Leader __consumer_offsets-26 with topic id Some(6IWF03JWSnSy2TPxm_2Ceg) starts at leader epoch 0 from offset 0 with partition epoch 0, high watermark 0, ISR [1], adding replicas [] and removing replicas [] . Previous leader None and previous leader epoch was -1. (state.change.logger)
[2024-09-02 19:09:40,289] INFO [Broker id=1] Creating new partition __consumer_offsets-5 with topic id 6IWF03JWSnSy2TPxm_2Ceg. (state.change.logger)
[2024-09-02 19:09:40,293] INFO [Broker id=1] Leader __consumer_offsets-5 with topic id Some(6IWF03JWSnSy2TPxm_2Ceg) starts at leader epoch 0 from offset 0 with partition epoch 0, high watermark 0, ISR [1], adding replicas [] and removing replicas [] . Previous leader None and previous leader epoch was -1. (state.change.logger)
[2024-09-02 19:09:40,302] INFO [Broker id=1] Creating new partition __consumer_offsets-38 with topic id 6IWF03JWSnSy2TPxm_2Ceg. (state.change.logger)
[2024-09-02 19:09:40,307] INFO [Broker id=1] Leader __consumer_offsets-38 with topic id Some(6IWF03JWSnSy2TPxm_2Ceg) starts at leader epoch 0 from offset 0 with partition epoch 0, high watermark 0, ISR [1], adding replicas [] and removing replicas [] . Previous leader None and previous leader epoch was -1. (state.change.logger)
[2024-09-02 19:09:40,321] INFO [Broker id=1] Creating new partition __consumer_offsets-1 with topic id 6IWF03JWSnSy2TPxm_2Ceg. (state.change.logger)
[2024-09-02 19:09:40,325] INFO [Broker id=1] Leader __consumer_offsets-1 with topic id Some(6IWF03JWSnSy2TPxm_2Ceg) starts at leader epoch 0 from offset 0 with partition epoch 0, high watermark 0, ISR [1], adding replicas [] and removing replicas [] . Previous leader None and previous leader epoch was -1. (state.change.logger)
[2024-09-02 19:09:40,337] INFO [Broker id=1] Creating new partition __consumer_offsets-34 with topic id 6IWF03JWSnSy2TPxm_2Ceg. (state.change.logger)
[2024-09-02 19:09:40,341] INFO [Broker id=1] Leader __consumer_offsets-34 with topic id Some(6IWF03JWSnSy2TPxm_2Ceg) starts at leader epoch 0 from offset 0 with partition epoch 0, high watermark 0, ISR [1], adding replicas [] and removing replicas [] . Previous leader None and previous leader epoch was -1. (state.change.logger)
[2024-09-02 19:09:40,355] INFO [Broker id=1] Creating new partition __consumer_offsets-16 with topic id 6IWF03JWSnSy2TPxm_2Ceg. (state.change.logger)
[2024-09-02 19:09:40,358] INFO [Broker id=1] Leader __consumer_offsets-16 with topic id Some(6IWF03JWSnSy2TPxm_2Ceg) starts at leader epoch 0 from offset 0 with partition epoch 0, high watermark 0, ISR [1], adding replicas [] and removing replicas [] . Previous leader None and previous leader epoch was -1. (state.change.logger)
[2024-09-02 19:09:40,371] INFO [Broker id=1] Creating new partition __consumer_offsets-45 with topic id 6IWF03JWSnSy2TPxm_2Ceg. (state.change.logger)
[2024-09-02 19:09:40,375] INFO [Broker id=1] Leader __consumer_offsets-45 with topic id Some(6IWF03JWSnSy2TPxm_2Ceg) starts at leader epoch 0 from offset 0 with partition epoch 0, high watermark 0, ISR [1], adding replicas [] and removing replicas [] . Previous leader None and previous leader epoch was -1. (state.change.logger)
[2024-09-02 19:09:40,391] INFO [Broker id=1] Creating new partition __consumer_offsets-12 with topic id 6IWF03JWSnSy2TPxm_2Ceg. (state.change.logger)
[2024-09-02 19:09:40,396] INFO [Broker id=1] Leader __consumer_offsets-12 with topic id Some(6IWF03JWSnSy2TPxm_2Ceg) starts at leader epoch 0 from offset 0 with partition epoch 0, high watermark 0, ISR [1], adding replicas [] and removing replicas [] . Previous leader None and previous leader epoch was -1. (state.change.logger)
[2024-09-02 19:09:40,408] INFO [Broker id=1] Creating new partition __consumer_offsets-41 with topic id 6IWF03JWSnSy2TPxm_2Ceg. (state.change.logger)
[2024-09-02 19:09:40,413] INFO [Broker id=1] Leader __consumer_offsets-41 with topic id Some(6IWF03JWSnSy2TPxm_2Ceg) starts at leader epoch 0 from offset 0 with partition epoch 0, high watermark 0, ISR [1], adding replicas [] and removing replicas [] . Previous leader None and previous leader epoch was -1. (state.change.logger)
[2024-09-02 19:09:40,424] INFO [Broker id=1] Creating new partition __consumer_offsets-24 with topic id 6IWF03JWSnSy2TPxm_2Ceg. (state.change.logger)
[2024-09-02 19:09:40,429] INFO [Broker id=1] Leader __consumer_offsets-24 with topic id Some(6IWF03JWSnSy2TPxm_2Ceg) starts at leader epoch 0 from offset 0 with partition epoch 0, high watermark 0, ISR [1], adding replicas [] and removing replicas [] . Previous leader None and previous leader epoch was -1. (state.change.logger)
[2024-09-02 19:09:40,440] INFO [Broker id=1] Creating new partition __consumer_offsets-20 with topic id 6IWF03JWSnSy2TPxm_2Ceg. (state.change.logger)
[2024-09-02 19:09:40,445] INFO [Broker id=1] Leader __consumer_offsets-20 with topic id Some(6IWF03JWSnSy2TPxm_2Ceg) starts at leader epoch 0 from offset 0 with partition epoch 0, high watermark 0, ISR [1], adding replicas [] and removing replicas [] . Previous leader None and previous leader epoch was -1. (state.change.logger)
[2024-09-02 19:09:40,458] INFO [Broker id=1] Creating new partition __consumer_offsets-49 with topic id 6IWF03JWSnSy2TPxm_2Ceg. (state.change.logger)
[2024-09-02 19:09:40,463] INFO [Broker id=1] Leader __consumer_offsets-49 with topic id Some(6IWF03JWSnSy2TPxm_2Ceg) starts at leader epoch 0 from offset 0 with partition epoch 0, high watermark 0, ISR [1], adding replicas [] and removing replicas [] . Previous leader None and previous leader epoch was -1. (state.change.logger)
[2024-09-02 19:09:40,478] INFO [Broker id=1] Creating new partition __consumer_offsets-0 with topic id 6IWF03JWSnSy2TPxm_2Ceg. (state.change.logger)
[2024-09-02 19:09:40,482] INFO [Broker id=1] Leader __consumer_offsets-0 with topic id Some(6IWF03JWSnSy2TPxm_2Ceg) starts at leader epoch 0 from offset 0 with partition epoch 0, high watermark 0, ISR [1], adding replicas [] and removing replicas [] . Previous leader None and previous leader epoch was -1. (state.change.logger)
[2024-09-02 19:09:40,495] INFO [Broker id=1] Creating new partition __consumer_offsets-29 with topic id 6IWF03JWSnSy2TPxm_2Ceg. (state.change.logger)
[2024-09-02 19:09:40,499] INFO [Broker id=1] Leader __consumer_offsets-29 with topic id Some(6IWF03JWSnSy2TPxm_2Ceg) starts at leader epoch 0 from offset 0 with partition epoch 0, high watermark 0, ISR [1], adding replicas [] and removing replicas [] . Previous leader None and previous leader epoch was -1. (state.change.logger)
[2024-09-02 19:09:40,506] INFO [Broker id=1] Creating new partition __consumer_offsets-25 with topic id 6IWF03JWSnSy2TPxm_2Ceg. (state.change.logger)
[2024-09-02 19:09:40,510] INFO [Broker id=1] Leader __consumer_offsets-25 with topic id Some(6IWF03JWSnSy2TPxm_2Ceg) starts at leader epoch 0 from offset 0 with partition epoch 0, high watermark 0, ISR [1], adding replicas [] and removing replicas [] . Previous leader None and previous leader epoch was -1. (state.change.logger)
[2024-09-02 19:09:40,519] INFO [Broker id=1] Creating new partition __consumer_offsets-8 with topic id 6IWF03JWSnSy2TPxm_2Ceg. (state.change.logger)
[2024-09-02 19:09:40,522] INFO [Broker id=1] Leader __consumer_offsets-8 with topic id Some(6IWF03JWSnSy2TPxm_2Ceg) starts at leader epoch 0 from offset 0 with partition epoch 0, high watermark 0, ISR [1], adding replicas [] and removing replicas [] . Previous leader None and previous leader epoch was -1. (state.change.logger)
[2024-09-02 19:09:40,536] INFO [Broker id=1] Creating new partition __consumer_offsets-37 with topic id 6IWF03JWSnSy2TPxm_2Ceg. (state.change.logger)
[2024-09-02 19:09:40,540] INFO [Broker id=1] Leader __consumer_offsets-37 with topic id Some(6IWF03JWSnSy2TPxm_2Ceg) starts at leader epoch 0 from offset 0 with partition epoch 0, high watermark 0, ISR [1], adding replicas [] and removing replicas [] . Previous leader None and previous leader epoch was -1. (state.change.logger)
[2024-09-02 19:09:40,552] INFO [Broker id=1] Creating new partition __consumer_offsets-4 with topic id 6IWF03JWSnSy2TPxm_2Ceg. (state.change.logger)
[2024-09-02 19:09:40,556] INFO [Broker id=1] Leader __consumer_offsets-4 with topic id Some(6IWF03JWSnSy2TPxm_2Ceg) starts at leader epoch 0 from offset 0 with partition epoch 0, high watermark 0, ISR [1], adding replicas [] and removing replicas [] . Previous leader None and previous leader epoch was -1. (state.change.logger)
[2024-09-02 19:09:40,567] INFO [Broker id=1] Creating new partition __consumer_offsets-33 with topic id 6IWF03JWSnSy2TPxm_2Ceg. (state.change.logger)
[2024-09-02 19:09:40,571] INFO [Broker id=1] Leader __consumer_offsets-33 with topic id Some(6IWF03JWSnSy2TPxm_2Ceg) starts at leader epoch 0 from offset 0 with partition epoch 0, high watermark 0, ISR [1], adding replicas [] and removing replicas [] . Previous leader None and previous leader epoch was -1. (state.change.logger)
[2024-09-02 19:09:40,578] INFO [Broker id=1] Creating new partition __consumer_offsets-15 with topic id 6IWF03JWSnSy2TPxm_2Ceg. (state.change.logger)
[2024-09-02 19:09:40,583] INFO [Broker id=1] Leader __consumer_offsets-15 with topic id Some(6IWF03JWSnSy2TPxm_2Ceg) starts at leader epoch 0 from offset 0 with partition epoch 0, high watermark 0, ISR [1], adding replicas [] and removing replicas [] . Previous leader None and previous leader epoch was -1. (state.change.logger)
[2024-09-02 19:09:40,592] INFO [Broker id=1] Creating new partition __consumer_offsets-48 with topic id 6IWF03JWSnSy2TPxm_2Ceg. (state.change.logger)
[2024-09-02 19:09:40,597] INFO [Broker id=1] Leader __consumer_offsets-48 with topic id Some(6IWF03JWSnSy2TPxm_2Ceg) starts at leader epoch 0 from offset 0 with partition epoch 0, high watermark 0, ISR [1], adding replicas [] and removing replicas [] . Previous leader None and previous leader epoch was -1. (state.change.logger)
[2024-09-02 19:09:40,606] INFO [Broker id=1] Creating new partition __consumer_offsets-11 with topic id 6IWF03JWSnSy2TPxm_2Ceg. (state.change.logger)
[2024-09-02 19:09:40,610] INFO [Broker id=1] Leader __consumer_offsets-11 with topic id Some(6IWF03JWSnSy2TPxm_2Ceg) starts at leader epoch 0 from offset 0 with partition epoch 0, high watermark 0, ISR [1], adding replicas [] and removing replicas [] . Previous leader None and previous leader epoch was -1. (state.change.logger)
[2024-09-02 19:09:40,623] INFO [Broker id=1] Creating new partition __consumer_offsets-44 with topic id 6IWF03JWSnSy2TPxm_2Ceg. (state.change.logger)
[2024-09-02 19:09:40,628] INFO [Broker id=1] Leader __consumer_offsets-44 with topic id Some(6IWF03JWSnSy2TPxm_2Ceg) starts at leader epoch 0 from offset 0 with partition epoch 0, high watermark 0, ISR [1], adding replicas [] and removing replicas [] . Previous leader None and previous leader epoch was -1. (state.change.logger)
[2024-09-02 19:09:40,638] INFO [Broker id=1] Creating new partition __consumer_offsets-23 with topic id 6IWF03JWSnSy2TPxm_2Ceg. (state.change.logger)
[2024-09-02 19:09:40,642] INFO [Broker id=1] Leader __consumer_offsets-23 with topic id Some(6IWF03JWSnSy2TPxm_2Ceg) starts at leader epoch 0 from offset 0 with partition epoch 0, high watermark 0, ISR [1], adding replicas [] and removing replicas [] . Previous leader None and previous leader epoch was -1. (state.change.logger)
[2024-09-02 19:09:40,654] INFO [Broker id=1] Creating new partition __consumer_offsets-19 with topic id 6IWF03JWSnSy2TPxm_2Ceg. (state.change.logger)
[2024-09-02 19:09:40,658] INFO [Broker id=1] Leader __consumer_offsets-19 with topic id Some(6IWF03JWSnSy2TPxm_2Ceg) starts at leader epoch 0 from offset 0 with partition epoch 0, high watermark 0, ISR [1], adding replicas [] and removing replicas [] . Previous leader None and previous leader epoch was -1. (state.change.logger)
[2024-09-02 19:09:40,668] INFO [Broker id=1] Creating new partition __consumer_offsets-32 with topic id 6IWF03JWSnSy2TPxm_2Ceg. (state.change.logger)
[2024-09-02 19:09:40,672] INFO [Broker id=1] Leader __consumer_offsets-32 with topic id Some(6IWF03JWSnSy2TPxm_2Ceg) starts at leader epoch 0 from offset 0 with partition epoch 0, high watermark 0, ISR [1], adding replicas [] and removing replicas [] . Previous leader None and previous leader epoch was -1. (state.change.logger)
[2024-09-02 19:09:40,681] INFO [Broker id=1] Creating new partition __consumer_offsets-28 with topic id 6IWF03JWSnSy2TPxm_2Ceg. (state.change.logger)
[2024-09-02 19:09:40,686] INFO [Broker id=1] Leader __consumer_offsets-28 with topic id Some(6IWF03JWSnSy2TPxm_2Ceg) starts at leader epoch 0 from offset 0 with partition epoch 0, high watermark 0, ISR [1], adding replicas [] and removing replicas [] . Previous leader None and previous leader epoch was -1. (state.change.logger)
[2024-09-02 19:09:40,693] INFO [Broker id=1] Creating new partition __consumer_offsets-7 with topic id 6IWF03JWSnSy2TPxm_2Ceg. (state.change.logger)
[2024-09-02 19:09:40,698] INFO [Broker id=1] Leader __consumer_offsets-7 with topic id Some(6IWF03JWSnSy2TPxm_2Ceg) starts at leader epoch 0 from offset 0 with partition epoch 0, high watermark 0, ISR [1], adding replicas [] and removing replicas [] . Previous leader None and previous leader epoch was -1. (state.change.logger)
[2024-09-02 19:09:40,708] INFO [Broker id=1] Creating new partition __consumer_offsets-40 with topic id 6IWF03JWSnSy2TPxm_2Ceg. (state.change.logger)
[2024-09-02 19:09:40,711] INFO [Broker id=1] Leader __consumer_offsets-40 with topic id Some(6IWF03JWSnSy2TPxm_2Ceg) starts at leader epoch 0 from offset 0 with partition epoch 0, high watermark 0, ISR [1], adding replicas [] and removing replicas [] . Previous leader None and previous leader epoch was -1. (state.change.logger)
[2024-09-02 19:09:40,721] INFO [Broker id=1] Creating new partition __consumer_offsets-3 with topic id 6IWF03JWSnSy2TPxm_2Ceg. (state.change.logger)
[2024-09-02 19:09:40,724] INFO [Broker id=1] Leader __consumer_offsets-3 with topic id Some(6IWF03JWSnSy2TPxm_2Ceg) starts at leader epoch 0 from offset 0 with partition epoch 0, high watermark 0, ISR [1], adding replicas [] and removing replicas [] . Previous leader None and previous leader epoch was -1. (state.change.logger)
[2024-09-02 19:09:40,732] INFO [Broker id=1] Creating new partition __consumer_offsets-36 with topic id 6IWF03JWSnSy2TPxm_2Ceg. (state.change.logger)
[2024-09-02 19:09:40,735] INFO [Broker id=1] Leader __consumer_offsets-36 with topic id Some(6IWF03JWSnSy2TPxm_2Ceg) starts at leader epoch 0 from offset 0 with partition epoch 0, high watermark 0, ISR [1], adding replicas [] and removing replicas [] . Previous leader None and previous leader epoch was -1. (state.change.logger)
[2024-09-02 19:09:40,744] INFO [Broker id=1] Creating new partition __consumer_offsets-47 with topic id 6IWF03JWSnSy2TPxm_2Ceg. (state.change.logger)
[2024-09-02 19:09:40,747] INFO [Broker id=1] Leader __consumer_offsets-47 with topic id Some(6IWF03JWSnSy2TPxm_2Ceg) starts at leader epoch 0 from offset 0 with partition epoch 0, high watermark 0, ISR [1], adding replicas [] and removing replicas [] . Previous leader None and previous leader epoch was -1. (state.change.logger)
[2024-09-02 19:09:40,756] INFO [Broker id=1] Creating new partition __consumer_offsets-14 with topic id 6IWF03JWSnSy2TPxm_2Ceg. (state.change.logger)
[2024-09-02 19:09:40,759] INFO [Broker id=1] Leader __consumer_offsets-14 with topic id Some(6IWF03JWSnSy2TPxm_2Ceg) starts at leader epoch 0 from offset 0 with partition epoch 0, high watermark 0, ISR [1], adding replicas [] and removing replicas [] . Previous leader None and previous leader epoch was -1. (state.change.logger)
[2024-09-02 19:09:40,767] INFO [Broker id=1] Creating new partition __consumer_offsets-43 with topic id 6IWF03JWSnSy2TPxm_2Ceg. (state.change.logger)
[2024-09-02 19:09:40,770] INFO [Broker id=1] Leader __consumer_offsets-43 with topic id Some(6IWF03JWSnSy2TPxm_2Ceg) starts at leader epoch 0 from offset 0 with partition epoch 0, high watermark 0, ISR [1], adding replicas [] and removing replicas [] . Previous leader None and previous leader epoch was -1. (state.change.logger)
[2024-09-02 19:09:40,779] INFO [Broker id=1] Creating new partition __consumer_offsets-10 with topic id 6IWF03JWSnSy2TPxm_2Ceg. (state.change.logger)
[2024-09-02 19:09:40,783] INFO [Broker id=1] Leader __consumer_offsets-10 with topic id Some(6IWF03JWSnSy2TPxm_2Ceg) starts at leader epoch 0 from offset 0 with partition epoch 0, high watermark 0, ISR [1], adding replicas [] and removing replicas [] . Previous leader None and previous leader epoch was -1. (state.change.logger)
[2024-09-02 19:09:40,789] INFO [Broker id=1] Creating new partition __consumer_offsets-22 with topic id 6IWF03JWSnSy2TPxm_2Ceg. (state.change.logger)
[2024-09-02 19:09:40,791] INFO [Broker id=1] Leader __consumer_offsets-22 with topic id Some(6IWF03JWSnSy2TPxm_2Ceg) starts at leader epoch 0 from offset 0 with partition epoch 0, high watermark 0, ISR [1], adding replicas [] and removing replicas [] . Previous leader None and previous leader epoch was -1. (state.change.logger)
[2024-09-02 19:09:40,802] INFO [Broker id=1] Creating new partition __consumer_offsets-18 with topic id 6IWF03JWSnSy2TPxm_2Ceg. (state.change.logger)
[2024-09-02 19:09:40,805] INFO [Broker id=1] Leader __consumer_offsets-18 with topic id Some(6IWF03JWSnSy2TPxm_2Ceg) starts at leader epoch 0 from offset 0 with partition epoch 0, high watermark 0, ISR [1], adding replicas [] and removing replicas [] . Previous leader None and previous leader epoch was -1. (state.change.logger)
[2024-09-02 19:09:40,815] INFO [Broker id=1] Creating new partition __consumer_offsets-31 with topic id 6IWF03JWSnSy2TPxm_2Ceg. (state.change.logger)
[2024-09-02 19:09:40,818] INFO [Broker id=1] Leader __consumer_offsets-31 with topic id Some(6IWF03JWSnSy2TPxm_2Ceg) starts at leader epoch 0 from offset 0 with partition epoch 0, high watermark 0, ISR [1], adding replicas [] and removing replicas [] . Previous leader None and previous leader epoch was -1. (state.change.logger)
[2024-09-02 19:09:40,827] INFO [Broker id=1] Creating new partition __consumer_offsets-27 with topic id 6IWF03JWSnSy2TPxm_2Ceg. (state.change.logger)
[2024-09-02 19:09:40,831] INFO [Broker id=1] Leader __consumer_offsets-27 with topic id Some(6IWF03JWSnSy2TPxm_2Ceg) starts at leader epoch 0 from offset 0 with partition epoch 0, high watermark 0, ISR [1], adding replicas [] and removing replicas [] . Previous leader None and previous leader epoch was -1. (state.change.logger)
[2024-09-02 19:09:40,840] INFO [Broker id=1] Creating new partition __consumer_offsets-39 with topic id 6IWF03JWSnSy2TPxm_2Ceg. (state.change.logger)
[2024-09-02 19:09:40,842] INFO [Broker id=1] Leader __consumer_offsets-39 with topic id Some(6IWF03JWSnSy2TPxm_2Ceg) starts at leader epoch 0 from offset 0 with partition epoch 0, high watermark 0, ISR [1], adding replicas [] and removing replicas [] . Previous leader None and previous leader epoch was -1. (state.change.logger)
[2024-09-02 19:09:40,852] INFO [Broker id=1] Creating new partition __consumer_offsets-6 with topic id 6IWF03JWSnSy2TPxm_2Ceg. (state.change.logger)
[2024-09-02 19:09:40,855] INFO [Broker id=1] Leader __consumer_offsets-6 with topic id Some(6IWF03JWSnSy2TPxm_2Ceg) starts at leader epoch 0 from offset 0 with partition epoch 0, high watermark 0, ISR [1], adding replicas [] and removing replicas [] . Previous leader None and previous leader epoch was -1. (state.change.logger)
[2024-09-02 19:09:40,866] INFO [Broker id=1] Creating new partition __consumer_offsets-35 with topic id 6IWF03JWSnSy2TPxm_2Ceg. (state.change.logger)
[2024-09-02 19:09:40,869] INFO [Broker id=1] Leader __consumer_offsets-35 with topic id Some(6IWF03JWSnSy2TPxm_2Ceg) starts at leader epoch 0 from offset 0 with partition epoch 0, high watermark 0, ISR [1], adding replicas [] and removing replicas [] . Previous leader None and previous leader epoch was -1. (state.change.logger)
[2024-09-02 19:09:40,880] INFO [Broker id=1] Creating new partition __consumer_offsets-2 with topic id 6IWF03JWSnSy2TPxm_2Ceg. (state.change.logger)
[2024-09-02 19:09:40,884] INFO [Broker id=1] Leader __consumer_offsets-2 with topic id Some(6IWF03JWSnSy2TPxm_2Ceg) starts at leader epoch 0 from offset 0 with partition epoch 0, high watermark 0, ISR [1], adding replicas [] and removing replicas [] . Previous leader None and previous leader epoch was -1. (state.change.logger)
